INFO :: root :: 2022-01-13 11:54:26,850 :: Trying to establish the database connection
INFO :: root :: 2022-01-13 11:54:26,914 :: Database Connection is Established
INFO :: root :: 2022-01-13 12:35:23,872 :: Trying to establish the database connection
INFO :: root :: 2022-01-13 12:35:23,887 :: Database Connection is Established
INFO :: root :: 2022-01-13 12:39:21,080 :: Trying to establish the database connection
INFO :: root :: 2022-01-13 12:39:21,104 :: Database Connection is Established
INFO :: root :: 2022-01-13 12:48:33,896 :: Trying to establish the database connection
INFO :: root :: 2022-01-13 12:48:33,906 :: Database Connection is Established
INFO :: root :: 2022-01-13 15:29:04,923 :: Trying to establish the database connection
INFO :: root :: 2022-01-13 15:29:04,988 :: Database Connection is Established
INFO :: root :: 2022-01-13 15:29:58,289 :: Trying to establish the database connection
INFO :: root :: 2022-01-13 15:29:58,339 :: Database Connection is Established
INFO :: root :: 2022-01-13 15:31:09,313 :: Trying to establish the database connection
INFO :: root :: 2022-01-13 15:31:09,389 :: Database Connection is Established
INFO :: root :: 2022-01-13 15:35:15,134 :: Trying to establish the database connection
INFO :: root :: 2022-01-13 15:35:15,231 :: Database Connection is Established
INFO :: root :: 2022-01-13 15:35:51,621 :: Trying to establish the database connection
INFO :: root :: 2022-01-13 15:35:51,638 :: Database Connection is Established
INFO :: root :: 2022-01-13 15:36:27,487 :: Trying to establish the database connection
INFO :: root :: 2022-01-13 15:36:27,500 :: Database Connection is Established
INFO :: root :: 2022-01-13 15:43:34,066 :: Trying to establish the database connection
INFO :: root :: 2022-01-13 15:43:34,076 :: Database Connection is Established
INFO :: root :: 2022-01-13 15:43:55,384 :: Trying to establish the database connection
INFO :: root :: 2022-01-13 15:43:55,393 :: Database Connection is Established
INFO :: root :: 2022-01-13 15:49:48,366 :: Trying to establish the database connection
INFO :: root :: 2022-01-13 15:49:48,378 :: Database Connection is Established
INFO :: root :: 2022-01-13 15:50:57,909 :: Trying to establish the database connection
INFO :: root :: 2022-01-13 15:50:57,927 :: Database Connection is Established
INFO :: root :: 2022-01-13 15:52:43,289 :: Trying to establish the database connection
INFO :: root :: 2022-01-13 15:52:43,299 :: Database Connection is Established
INFO :: root :: 2022-01-13 16:08:57,147 :: Trying to establish the database connection
INFO :: root :: 2022-01-13 16:08:57,159 :: Database Connection is Established
INFO :: root :: 2022-01-13 16:11:53,365 :: Trying to establish the database connection
INFO :: root :: 2022-01-13 16:11:53,374 :: Database Connection is Established
INFO :: root :: 2022-01-13 16:29:25,148 :: Trying to establish the database connection
INFO :: root :: 2022-01-13 16:29:25,157 :: Database Connection is Established
INFO :: root :: 2022-01-13 16:33:08,731 :: Trying to establish the database connection
INFO :: root :: 2022-01-13 16:33:08,739 :: Database Connection is Established
INFO :: root :: 2022-01-13 16:54:00,385 :: Trying to establish the database connection
INFO :: root :: 2022-01-13 16:54:00,394 :: Database Connection is Established
INFO :: root :: 2022-01-13 16:54:12,733 :: Trying to establish the database connection
INFO :: root :: 2022-01-13 16:54:12,743 :: Database Connection is Established
INFO :: root :: 2022-01-13 16:56:10,237 :: Trying to establish the database connection
INFO :: root :: 2022-01-13 16:56:10,246 :: Database Connection is Established
INFO :: root :: 2022-01-13 17:01:35,055 :: Trying to establish the database connection
INFO :: root :: 2022-01-13 17:01:35,143 :: Database Connection is Established
INFO :: root :: 2022-01-13 17:04:00,869 :: Trying to establish the database connection
INFO :: root :: 2022-01-13 17:04:00,881 :: Database Connection is Established
INFO :: root :: 2022-01-13 17:05:39,141 :: Trying to establish the database connection
INFO :: root :: 2022-01-13 17:05:39,151 :: Database Connection is Established
INFO :: root :: 2022-01-13 17:08:21,527 :: Trying to establish the database connection
INFO :: root :: 2022-01-13 17:08:21,544 :: Database Connection is Established
INFO :: root :: 2022-01-13 17:09:02,059 :: Trying to establish the database connection
INFO :: root :: 2022-01-13 17:09:02,069 :: Database Connection is Established
INFO :: root :: 2022-01-13 17:10:20,526 :: Trying to establish the database connection
INFO :: root :: 2022-01-13 17:10:20,540 :: Database Connection is Established
INFO :: root :: 2022-01-13 17:10:35,087 :: Trying to establish the database connection
INFO :: root :: 2022-01-13 17:10:35,096 :: Database Connection is Established
INFO :: root :: 2022-01-13 17:13:03,663 :: Trying to establish the database connection
INFO :: root :: 2022-01-13 17:13:03,674 :: Database Connection is Established
INFO :: root :: 2022-01-13 17:13:03,674 :: Suceefully Get All the Employee services
DEBUG :: root :: 2022-01-13 17:13:03,675 :: Employee Detailes are
INFO :: root :: 2022-01-13 18:01:03,171 :: Trying to establish the database connection
INFO :: root :: 2022-01-13 18:01:03,181 :: Database Connection is Established
ERROR :: root :: 2022-01-13 18:01:03,210 :: Error: 1062 (23000): Duplicate entry '1221' for key 'payroll_service.PRIMARY'
INFO :: root :: 2022-01-13 18:01:03,213 :: Suceefully Get All the Employee services
DEBUG :: root :: 2022-01-13 18:01:03,213 :: Employee Detailes are
INFO :: root :: 2022-01-13 18:05:21,248 :: Trying to establish the database connection
INFO :: root :: 2022-01-13 18:05:21,257 :: Database Connection is Established
ERROR :: root :: 2022-01-13 18:05:21,259 :: Error: 1062 (23000): Duplicate entry '1221' for key 'payroll_service.PRIMARY'
INFO :: root :: 2022-01-13 18:05:21,260 :: Retrive data which inserted
DEBUG :: root :: 2022-01-13 18:05:21,260 :: existed data
